<?xml version="1.0" encoding="UTF-8"?>
<testsuite xmlns:xsi="http://www.w3.org/2001/XMLSchema-instance" xsi:schemaLocation="https://maven.apache.org/surefire/maven-surefire-plugin/xsd/surefire-test-report.xsd" name="TestSuite" time="2.602" tests="10" errors="0" skipped="9" failures="1">
  <properties>
    <property name="java.runtime.name" value="Java(TM) SE Runtime Environment"/>
    <property name="sun.boot.library.path" value="C:\Program Files\Java\jdk1.8.0_45\jre\bin"/>
    <property name="java.vm.version" value="25.45-b02"/>
    <property name="java.vm.vendor" value="Oracle Corporation"/>
    <property name="maven.multiModuleProjectDirectory" value="F:\NEW_MVNWorkspace\testng"/>
    <property name="java.vendor.url" value="http://java.oracle.com/"/>
    <property name="path.separator" value=";"/>
    <property name="guice.disable.misplaced.annotation.check" value="true"/>
    <property name="java.vm.name" value="Java HotSpot(TM) 64-Bit Server VM"/>
    <property name="file.encoding.pkg" value="sun.io"/>
    <property name="user.script" value=""/>
    <property name="user.country" value="IN"/>
    <property name="sun.java.launcher" value="SUN_STANDARD"/>
    <property name="sun.os.patch.level" value=""/>
    <property name="java.vm.specification.name" value="Java Virtual Machine Specification"/>
    <property name="user.dir" value="F:\NEW_MVNWorkspace\testng"/>
    <property name="java.runtime.version" value="1.8.0_45-b15"/>
    <property name="java.awt.graphicsenv" value="sun.awt.Win32GraphicsEnvironment"/>
    <property name="java.endorsed.dirs" value="C:\Program Files\Java\jdk1.8.0_45\jre\lib\endorsed"/>
    <property name="os.arch" value="amd64"/>
    <property name="java.io.tmpdir" value="C:\Users\averma\AppData\Local\Temp\"/>
    <property name="line.separator" value="&#10;"/>
    <property name="java.vm.specification.vendor" value="Oracle Corporation"/>
    <property name="user.variant" value=""/>
    <property name="os.name" value="Windows 8.1"/>
    <property name="classworlds.conf" value="F:\NEW_MVNWorkspace\.metadata\.plugins\org.eclipse.m2e.launching\launches\m2conf2294843128333658380.tmp"/>
    <property name="sun.jnu.encoding" value="Cp1252"/>
    <property name="java.library.path" value="C:\Program Files\Java\jdk1.8.0_45\bin;C:\windows\Sun\Java\bin;C:\windows\system32;C:\windows;C:/Java/bin/server;C:/Java/bin;C:/Java/lib/amd64;C:\Program Files\Java\jdk1.8.0_45_xx\bin;C:\ProgramData\Oracle\Java\javapath;C:\Program Files (x86)\Lenovo\FusionEngine;C:\Program Files (x86)\Intel\iCLS Client\;C:\Program Files\Intel\iCLS Client\;C:\windows\system32;C:\windows;C:\windows\System32\Wbem;C:\windows\System32\WindowsPowerShell\v1.0\;C:\Program Files\Intel\Intel(R) Management Engine Components\DAL;C:\Program Files\Intel\Intel(R) Management Engine Components\IPT;C:\Program Files (x86)\Intel\Intel(R) Management Engine Components\DAL;C:\Program Files (x86)\Intel\Intel(R) Management Engine Components\IPT;C:\Program Files\Intel\WiFi\bin\;C:\Program Files\Common Files\Intel\WirelessCommon\;C:\Program Files (x86)\Common Files\lenovo\easyplussdk\bin;D:\apache-maven-3.2.5\bin;C:\Program Files\R\R-3.2.2\bin;C:\Program Files\Java\jdk1.8.0_45\bin;D:\apache-ant-1.9.4\bin;C:\Program Files\TortoiseSVN\bin;C:\Program Files\nodejs\;C:\Program Files\Amazon\AWSCLI\;C:\Program Files (x86)\Skype\Phone\;C:\Ruby200\bin;C:\Ruby22\bin;C:\Ruby22-x64\bin;C:\Program Files\Java\jdk1.8.0_60\bin;C:\HashiCorp\Vagrant\bin;C:\Program Files\Apache\Maven\bin;C:\Users\averma\AppData\Local\Programs\Git\cmd;C:\Users\averma\AppData\Roaming\npm;D:\eclipse;;."/>
    <property name="java.specification.name" value="Java Platform API Specification"/>
    <property name="java.class.version" value="52.0"/>
    <property name="sun.management.compiler" value="HotSpot 64-Bit Tiered Compilers"/>
    <property name="os.version" value="6.3"/>
    <property name="user.home" value="C:\Users\averma"/>
    <property name="user.timezone" value="Asia/Calcutta"/>
    <property name="java.awt.printerjob" value="sun.awt.windows.WPrinterJob"/>
    <property name="java.specification.version" value="1.8"/>
    <property name="file.encoding" value="Cp1252"/>
    <property name="user.name" value="averma"/>
    <property name="java.class.path" value="/D:/eclipse/plugins/org.eclipse.m2e.maven.runtime_1.6.2.20150902-0001/jars/plexus-classworlds-2.5.2.jar"/>
    <property name="java.vm.specification.version" value="1.8"/>
    <property name="sun.arch.data.model" value="64"/>
    <property name="java.home" value="C:\Program Files\Java\jdk1.8.0_45\jre"/>
    <property name="sun.java.command" value="org.codehaus.plexus.classworlds.launcher.Launcher -B install"/>
    <property name="java.specification.vendor" value="Oracle Corporation"/>
    <property name="user.language" value="en"/>
    <property name="awt.toolkit" value="sun.awt.windows.WToolkit"/>
    <property name="java.vm.info" value="mixed mode"/>
    <property name="java.version" value="1.8.0_45"/>
    <property name="java.ext.dirs" value="C:\Program Files\Java\jdk1.8.0_45\jre\lib\ext;C:\windows\Sun\Java\lib\ext"/>
    <property name="sun.boot.class.path" value="C:\Program Files\Java\jdk1.8.0_45\jre\lib\resources.jar;C:\Program Files\Java\jdk1.8.0_45\jre\lib\rt.jar;C:\Program Files\Java\jdk1.8.0_45\jre\lib\sunrsasign.jar;C:\Program Files\Java\jdk1.8.0_45\jre\lib\jsse.jar;C:\Program Files\Java\jdk1.8.0_45\jre\lib\jce.jar;C:\Program Files\Java\jdk1.8.0_45\jre\lib\charsets.jar;C:\Program Files\Java\jdk1.8.0_45\jre\lib\jfr.jar;C:\Program Files\Java\jdk1.8.0_45\jre\classes"/>
    <property name="java.vendor" value="Oracle Corporation"/>
    <property name="maven.home" value="F:\NEW_MVNWorkspace\testng\EMBEDDED"/>
    <property name="file.separator" value="\"/>
    <property name="java.vendor.url.bug" value="http://bugreport.sun.com/bugreport/"/>
    <property name="sun.cpu.endian" value="little"/>
    <property name="sun.io.unicode.encoding" value="UnicodeLittle"/>
    <property name="sun.desktop" value="windows"/>
    <property name="sun.cpu.isalist" value="amd64"/>
  </properties>
  <testcase name="setup" classname="testclasses.GTest" time="1.472">
    <failure message="org/openqa/selenium/remote/service/DriverService$Builder" type="java.lang.NoClassDefFoundError">java.lang.NoClassDefFoundError: org/openqa/selenium/remote/service/DriverService$Builder
	at testclasses.GTest.setup(GTest.java:28)
Caused by: java.lang.ClassNotFoundException: org.openqa.selenium.remote.service.DriverService$Builder
	at testclasses.GTest.setup(GTest.java:28)
</failure>
  </testcase>
  <testcase name="registration" classname="testclasses.GTest" time="0">
    <skipped message="org/openqa/selenium/remote/service/DriverService$Builder"/>
  </testcase>
  <testcase name="loginWithCredential" classname="testclasses.GTest" time="0">
    <skipped message="org/openqa/selenium/remote/service/DriverService$Builder"/>
  </testcase>
  <testcase name="verifyHomePage" classname="testclasses.GTest" time="0">
    <skipped message="org/openqa/selenium/remote/service/DriverService$Builder"/>
  </testcase>
  <testcase name="verifyManagerId" classname="testclasses.GTest" time="0">
    <skipped message="Method GTest.verifyManagerId()[pri:4, instance:testclasses.GTest@3567135c] depends on not successfully finished methods"/>
  </testcase>
  <testcase name="addNewCustomer" classname="testclasses.GTest" time="0">
    <skipped message="org/openqa/selenium/remote/service/DriverService$Builder"/>
  </testcase>
  <testcase name="customerAddedSuccessfully" classname="testclasses.GTest" time="0">
    <skipped message="org/openqa/selenium/remote/service/DriverService$Builder"/>
  </testcase>
  <testcase name="editCustomer" classname="testclasses.GTest" time="0">
    <skipped message="org/openqa/selenium/remote/service/DriverService$Builder"/>
  </testcase>
  <testcase name="deleteCustomer" classname="testclasses.GTest" time="0">
    <skipped message="org/openqa/selenium/remote/service/DriverService$Builder"/>
  </testcase>
  <testcase name="addNewAc" classname="testclasses.GTest" time="0">
    <skipped message="org/openqa/selenium/remote/service/DriverService$Builder"/>
  </testcase>
</testsuite>