<?xml version="1.0" encoding="UTF-8"?>
<!-- Generated by org.testng.reporters.JUnitXMLReporter -->
<testsuite hostname="Rajat" ignored="0" name="Simple Test run" tests="9" failures="0" timestamp="31 May 2017 11:44:08 GMT" time="0.189" errors="0">
  <testcase name="@BeforeTest setup" time="0.0" classname="testclasses.GTest">
    <failure type="java.lang.NoClassDefFoundError" message="org/openqa/selenium/remote/service/DriverService$Builder">
      <![CDATA[java.lang.NoClassDefFoundError: org/openqa/selenium/remote/service/DriverService$Builder
	at java.lang.ClassLoader.defineClass1(Native Method)
	at java.lang.ClassLoader.defineClass(ClassLoader.java:760)
	at java.security.SecureClassLoader.defineClass(SecureClassLoader.java:142)
	at java.net.URLClassLoader.defineClass(URLClassLoader.java:467)
	at java.net.URLClassLoader.access$100(URLClassLoader.java:73)
	at java.net.URLClassLoader$1.run(URLClassLoader.java:368)
	at java.net.URLClassLoader$1.run(URLClassLoader.java:362)
	at java.security.AccessController.doPrivileged(Native Method)
	at java.net.URLClassLoader.findClass(URLClassLoader.java:361)
	at java.lang.ClassLoader.loadClass(ClassLoader.java:424)
	at sun.misc.Launcher$AppClassLoader.loadClass(Launcher.java:331)
	at java.lang.ClassLoader.loadClass(ClassLoader.java:357)
	at org.openqa.selenium.chrome.ChromeDriverService.createDefaultService(ChromeDriverService.java:82)
	at org.openqa.selenium.chrome.ChromeDriver.<init>(ChromeDriver.java:117)
	at testclasses.GTest.setup(GTest.java:28)
Caused by: java.lang.ClassNotFoundException: org.openqa.selenium.remote.service.DriverService$Builder
	at java.net.URLClassLoader.findClass(URLClassLoader.java:381)
	at java.lang.ClassLoader.loadClass(ClassLoader.java:424)
	at sun.misc.Launcher$AppClassLoader.loadClass(Launcher.java:331)
	at java.lang.ClassLoader.loadClass(ClassLoader.java:357)
	... 41 more
... Removed 26 stack frames]]>
    </failure>
  </testcase> <!-- @BeforeTest setup -->
  <testcase name="registration" time="0.003" classname="testclasses.GTest">
    <skipped/>
  </testcase> <!-- registration -->
  <testcase name="loginWithCredential" time="0.0" classname="testclasses.GTest">
    <skipped/>
  </testcase> <!-- loginWithCredential -->
  <testcase name="verifyHomePage" time="0.0" classname="testclasses.GTest">
    <skipped/>
  </testcase> <!-- verifyHomePage -->
  <testcase name="verifyManagerId" time="0.0" classname="testclasses.GTest">
    <skipped/>
  </testcase> <!-- verifyManagerId -->
  <testcase name="addNewCustomer" time="0.0" classname="testclasses.GTest">
    <skipped/>
  </testcase> <!-- addNewCustomer -->
  <testcase name="customerAddedSuccessfully" time="0.001" classname="testclasses.GTest">
    <skipped/>
  </testcase> <!-- customerAddedSuccessfully -->
  <testcase name="editCustomer" time="0.0" classname="testclasses.GTest">
    <skipped/>
  </testcase> <!-- editCustomer -->
  <testcase name="deleteCustomer" time="0.0" classname="testclasses.GTest">
    <skipped/>
  </testcase> <!-- deleteCustomer -->
  <testcase name="addNewAc" time="0.0" classname="testclasses.GTest">
    <skipped/>
  </testcase> <!-- addNewAc -->
</testsuite> <!-- Simple Test run -->
